
*** Running vivado
    with args -log ece_520_pmod_led_switch.vdi -applog -m64 -product Vivado -messageDb vivado.pb -mode batch -source ece_520_pmod_led_switch.tcl -notrace



****** Vivado v2021.2 (64-bit)
  **** SW Build 3367213 on Tue Oct 19 02:48:09 MDT 2021
  **** IP Build 3369179 on Thu Oct 21 08:25:16 MDT 2021
    ** Copyright 1986-2021 Xilinx, Inc. All Rights Reserved.

source ece_520_pmod_led_switch.tcl -notrace
Command: link_design -top ece_520_pmod_led_switch -part xc7z010clg400-1
Design is defaulting to srcset: sources_1
Design is defaulting to constrset: constrs_1
INFO: [Device 21-403] Loading part xc7z010clg400-1
Netlist sorting complete. Time (s): cpu = 00:00:00 ; elapsed = 00:00:00 . Memory (MB): peak = 1452.461 ; gain = 0.000
INFO: [Project 1-479] Netlist was created with Vivado 2021.2
INFO: [Project 1-570] Preparing netlist for logic optimization
Parsing XDC File [C:/Users/david/Desktop/workspace/tmtmmtmtm/project_1/project_1.srcs/constrs_1/new/ssdc.xdc]
CRITICAL WARNING: [Common 17-69] Command failed: 'T22' is not a valid site or package pin name. [C:/Users/david/Desktop/workspace/tmtmmtmtm/project_1/project_1.srcs/constrs_1/new/ssdc.xdc:21]
CRITICAL WARNING: [Common 17-69] Command failed: 'T21' is not a valid site or package pin name. [C:/Users/david/Desktop/workspace/tmtmmtmtm/project_1/project_1.srcs/constrs_1/new/ssdc.xdc:22]
CRITICAL WARNING: [Common 17-69] Command failed: 'U22' is not a valid site or package pin name. [C:/Users/david/Desktop/workspace/tmtmmtmtm/project_1/project_1.srcs/constrs_1/new/ssdc.xdc:23]
CRITICAL WARNING: [Common 17-69] Command failed: 'U21' is not a valid site or package pin name. [C:/Users/david/Desktop/workspace/tmtmmtmtm/project_1/project_1.srcs/constrs_1/new/ssdc.xdc:24]
CRITICAL WARNING: [Common 17-69] Command failed: 'V22' is not a valid site or package pin name. [C:/Users/david/Desktop/workspace/tmtmmtmtm/project_1/project_1.srcs/constrs_1/new/ssdc.xdc:25]
CRITICAL WARNING: [Common 17-69] Command failed: 'W22' is not a valid site or package pin name. [C:/Users/david/Desktop/workspace/tmtmmtmtm/project_1/project_1.srcs/constrs_1/new/ssdc.xdc:26]
CRITICAL WARNING: [Common 17-69] Command failed: 'F22' is not a valid site or package pin name. [C:/Users/david/Desktop/workspace/tmtmmtmtm/project_1/project_1.srcs/constrs_1/new/ssdc.xdc:29]
CRITICAL WARNING: [Common 17-69] Command failed: 'G22' is not a valid site or package pin name. [C:/Users/david/Desktop/workspace/tmtmmtmtm/project_1/project_1.srcs/constrs_1/new/ssdc.xdc:30]
CRITICAL WARNING: [Common 17-69] Command failed: 'H22' is not a valid site or package pin name. [C:/Users/david/Desktop/workspace/tmtmmtmtm/project_1/project_1.srcs/constrs_1/new/ssdc.xdc:31]
CRITICAL WARNING: [Common 17-69] Command failed: 'F21' is not a valid site or package pin name. [C:/Users/david/Desktop/workspace/tmtmmtmtm/project_1/project_1.srcs/constrs_1/new/ssdc.xdc:32]
CRITICAL WARNING: [Common 17-69] Command failed: 'H19' is not a valid site or package pin name. [C:/Users/david/Desktop/workspace/tmtmmtmtm/project_1/project_1.srcs/constrs_1/new/ssdc.xdc:33]
CRITICAL WARNING: [Common 17-69] Command failed: 'Y11' is not a valid site or package pin name. [C:/Users/david/Desktop/workspace/tmtmmtmtm/project_1/project_1.srcs/constrs_1/new/ssdc.xdc:43]
CRITICAL WARNING: [Common 17-69] Command failed: 'AA11' is not a valid site or package pin name. [C:/Users/david/Desktop/workspace/tmtmmtmtm/project_1/project_1.srcs/constrs_1/new/ssdc.xdc:44]
CRITICAL WARNING: [Common 17-69] Command failed: 'Y10' is not a valid site or package pin name. [C:/Users/david/Desktop/workspace/tmtmmtmtm/project_1/project_1.srcs/constrs_1/new/ssdc.xdc:45]
CRITICAL WARNING: [Common 17-69] Command failed: 'AA9' is not a valid site or package pin name. [C:/Users/david/Desktop/workspace/tmtmmtmtm/project_1/project_1.srcs/constrs_1/new/ssdc.xdc:46]
CRITICAL WARNING: [Common 17-69] Command failed: 'W12' is not a valid site or package pin name. [C:/Users/david/Desktop/workspace/tmtmmtmtm/project_1/project_1.srcs/constrs_1/new/ssdc.xdc:47]
CRITICAL WARNING: [Common 17-69] Command failed: 'W11' is not a valid site or package pin name. [C:/Users/david/Desktop/workspace/tmtmmtmtm/project_1/project_1.srcs/constrs_1/new/ssdc.xdc:48]
CRITICAL WARNING: [Common 17-69] Command failed: 'V10' is not a valid site or package pin name. [C:/Users/david/Desktop/workspace/tmtmmtmtm/project_1/project_1.srcs/constrs_1/new/ssdc.xdc:49]
CRITICAL WARNING: [Common 17-69] Command failed: 'W8' is not a valid site or package pin name. [C:/Users/david/Desktop/workspace/tmtmmtmtm/project_1/project_1.srcs/constrs_1/new/ssdc.xdc:50]
Finished Parsing XDC File [C:/Users/david/Desktop/workspace/tmtmmtmtm/project_1/project_1.srcs/constrs_1/new/ssdc.xdc]
INFO: [Opt 31-138] Pushed 0 inverter(s) to 0 load pin(s).
Netlist sorting complete. Time (s): cpu = 00:00:00 ; elapsed = 00:00:00 . Memory (MB): peak = 1452.461 ; gain = 0.000
INFO: [Project 1-111] Unisim Transformation Summary:
No Unisim elements were transformed.

5 Infos, 0 Warnings, 19 Critical Warnings and 0 Errors encountered.
link_design completed successfully
Command: opt_design
Attempting to get a license for feature 'Implementation' and/or device 'xc7z010'
INFO: [Common 17-349] Got license for feature 'Implementation' and/or device 'xc7z010'
Running DRC as a precondition to command opt_design

Starting DRC Task
INFO: [DRC 23-27] Running DRC with 2 threads
INFO: [Project 1-461] DRC finished with 0 Errors
INFO: [Project 1-462] Please refer to the DRC report (report_drc) for more information.

Time (s): cpu = 00:00:01 ; elapsed = 00:00:00.600 . Memory (MB): peak = 1452.461 ; gain = 0.000

Starting Cache Timing Information Task
INFO: [Timing 38-35] Done setting XDC timing constraints.
Ending Cache Timing Information Task | Checksum: 233b8235f

Time (s): cpu = 00:00:04 ; elapsed = 00:00:04 . Memory (MB): peak = 1595.508 ; gain = 143.047

Starting Logic Optimization Task

Phase 1 Retarget
INFO: [Opt 31-138] Pushed 0 inverter(s) to 0 load pin(s).
INFO: [Opt 31-49] Retargeted 0 cell(s).
Phase 1 Retarget | Checksum: 233b8235f

Time (s): cpu = 00:00:00 ; elapsed = 00:00:00.006 . Memory (MB): peak = 1891.559 ; gain = 0.000
INFO: [Opt 31-389] Phase Retarget created 0 cells and removed 0 cells

Phase 2 Constant propagation
INFO: [Opt 31-138] Pushed 0 inverter(s) to 0 load pin(s).
Phase 2 Constant propagation | Checksum: 233b8235f

Time (s): cpu = 00:00:00 ; elapsed = 00:00:00.006 . Memory (MB): peak = 1891.559 ; gain = 0.000
INFO: [Opt 31-389] Phase Constant propagation created 0 cells and removed 0 cells

Phase 3 Sweep
Phase 3 Sweep | Checksum: 233b8235f

Time (s): cpu = 00:00:00 ; elapsed = 00:00:00.007 . Memory (MB): peak = 1891.559 ; gain = 0.000
INFO: [Opt 31-389] Phase Sweep created 0 cells and removed 0 cells

Phase 4 BUFG optimization
Phase 4 BUFG optimization | Checksum: 233b8235f

Time (s): cpu = 00:00:00 ; elapsed = 00:00:00.008 . Memory (MB): peak = 1891.559 ; gain = 0.000
INFO: [Opt 31-662] Phase BUFG optimization created 0 cells of which 0 are BUFGs and removed 0 cells.

Phase 5 Shift Register Optimization
INFO: [Opt 31-1064] SRL Remap converted 0 SRLs to 0 registers and converted 0 registers of register chains to 0 SRLs
Phase 5 Shift Register Optimization | Checksum: 233b8235f

Time (s): cpu = 00:00:00 ; elapsed = 00:00:00.009 . Memory (MB): peak = 1891.559 ; gain = 0.000
INFO: [Opt 31-389] Phase Shift Register Optimization created 0 cells and removed 0 cells

Phase 6 Post Processing Netlist
Phase 6 Post Processing Netlist | Checksum: 233b8235f

Time (s): cpu = 00:00:00 ; elapsed = 00:00:00.010 . Memory (MB): peak = 1891.559 ; gain = 0.000
INFO: [Opt 31-389] Phase Post Processing Netlist created 0 cells and removed 0 cells
Opt_design Change Summary
=========================


-------------------------------------------------------------------------------------------------------------------------
|  Phase                        |  #Cells created  |  #Cells Removed  |  #Constrained objects preventing optimizations  |
-------------------------------------------------------------------------------------------------------------------------
|  Retarget                     |               0  |               0  |                                              0  |
|  Constant propagation         |               0  |               0  |                                              0  |
|  Sweep                        |               0  |               0  |                                              0  |
|  BUFG optimization            |               0  |               0  |                                              0  |
|  Shift Register Optimization  |               0  |               0  |                                              0  |
|  Post Processing Netlist      |               0  |               0  |                                              0  |
-------------------------------------------------------------------------------------------------------------------------



Starting Connectivity Check Task

Time (s): cpu = 00:00:00 ; elapsed = 00:00:00 . Memory (MB): peak = 1891.559 ; gain = 0.000
Ending Logic Optimization Task | Checksum: 233b8235f

Time (s): cpu = 00:00:00 ; elapsed = 00:00:00.011 . Memory (MB): peak = 1891.559 ; gain = 0.000

Starting Power Optimization Task
INFO: [Pwropt 34-132] Skipping clock gating for clocks with a period < 2.00 ns.
Ending Power Optimization Task | Checksum: 233b8235f

Time (s): cpu = 00:00:00 ; elapsed = 00:00:00.005 . Memory (MB): peak = 1891.559 ; gain = 0.000

Starting Final Cleanup Task
Ending Final Cleanup Task | Checksum: 233b8235f

Time (s): cpu = 00:00:00 ; elapsed = 00:00:00 . Memory (MB): peak = 1891.559 ; gain = 0.000

Starting Netlist Obfuscation Task
Netlist sorting complete. Time (s): cpu = 00:00:00 ; elapsed = 00:00:00 . Memory (MB): peak = 1891.559 ; gain = 0.000
Ending Netlist Obfuscation Task | Checksum: 233b8235f

Time (s): cpu = 00:00:00 ; elapsed = 00:00:00 . Memory (MB): peak = 1891.559 ; gain = 0.000
INFO: [Common 17-83] Releasing license: Implementation
22 Infos, 0 Warnings, 19 Critical Warnings and 0 Errors encountered.
opt_design completed successfully
opt_design: Time (s): cpu = 00:00:07 ; elapsed = 00:00:07 . Memory (MB): peak = 1891.559 ; gain = 439.098
INFO: [Timing 38-480] Writing timing data to binary archive.
Writing placer database...
Writing XDEF routing.
Writing XDEF routing logical nets.
Writing XDEF routing special nets.
Write XDEF Complete: Time (s): cpu = 00:00:00 ; elapsed = 00:00:00.031 . Memory (MB): peak = 1891.559 ; gain = 0.000
INFO: [Common 17-1381] The checkpoint 'C:/Users/david/Desktop/workspace/tmtmmtmtm/project_1/project_1.runs/impl_1/ece_520_pmod_led_switch_opt.dcp' has been generated.
INFO: [runtcl-4] Executing : report_drc -file ece_520_pmod_led_switch_drc_opted.rpt -pb ece_520_pmod_led_switch_drc_opted.pb -rpx ece_520_pmod_led_switch_drc_opted.rpx
Command: report_drc -file ece_520_pmod_led_switch_drc_opted.rpt -pb ece_520_pmod_led_switch_drc_opted.pb -rpx ece_520_pmod_led_switch_drc_opted.rpx
INFO: [IP_Flow 19-234] Refreshing IP repositories
INFO: [IP_Flow 19-1704] No user IP repositories specified
INFO: [IP_Flow 19-2313] Loaded Vivado IP repository 'C:/Xilinx/Vivado/2021.2/data/ip'.
INFO: [Timing 38-35] Done setting XDC timing constraints.
INFO: [DRC 23-27] Running DRC with 2 threads
INFO: [Vivado_Tcl 2-168] The results of DRC are in file C:/Users/david/Desktop/workspace/tmtmmtmtm/project_1/project_1.runs/impl_1/ece_520_pmod_led_switch_drc_opted.rpt.
report_drc completed successfully
Command: place_design
Attempting to get a license for feature 'Implementation' and/or device 'xc7z010'
INFO: [Common 17-349] Got license for feature 'Implementation' and/or device 'xc7z010'
INFO: [DRC 23-27] Running DRC with 2 threads
INFO: [Vivado_Tcl 4-198] DRC finished with 0 Errors
INFO: [Vivado_Tcl 4-199] Please refer to the DRC report (report_drc) for more information.
Running DRC as a precondition to command place_design
INFO: [DRC 23-27] Running DRC with 2 threads
INFO: [Vivado_Tcl 4-198] DRC finished with 0 Errors
INFO: [Vivado_Tcl 4-199] Please refer to the DRC report (report_drc) for more information.

Starting Placer Task
INFO: [Place 30-611] Multithreading enabled for place_design using a maximum of 2 CPUs

Phase 1 Placer Initialization

Phase 1.1 Placer Initialization Netlist Sorting
Netlist sorting complete. Time (s): cpu = 00:00:00 ; elapsed = 00:00:00 . Memory (MB): peak = 1931.688 ; gain = 0.000
Phase 1.1 Placer Initialization Netlist Sorting | Checksum: 1b329ba4e

Time (s): cpu = 00:00:00 ; elapsed = 00:00:00.004 . Memory (MB): peak = 1931.688 ; gain = 0.000
Netlist sorting complete. Time (s): cpu = 00:00:00 ; elapsed = 00:00:00 . Memory (MB): peak = 1931.688 ; gain = 0.000

Phase 1.2 IO Placement/ Clock Placement/ Build Placer Device
Phase 1.2 IO Placement/ Clock Placement/ Build Placer Device | Checksum: b1e874b7

Time (s): cpu = 00:00:00 ; elapsed = 00:00:00.073 . Memory (MB): peak = 1931.688 ; gain = 0.000

Phase 1.3 Build Placer Netlist Model
Phase 1.3 Build Placer Netlist Model | Checksum: ec5dff74

Time (s): cpu = 00:00:00 ; elapsed = 00:00:00.120 . Memory (MB): peak = 1931.688 ; gain = 0.000

Phase 1.4 Constrain Clocks/Macros
Phase 1.4 Constrain Clocks/Macros | Checksum: ec5dff74

Time (s): cpu = 00:00:00 ; elapsed = 00:00:00.121 . Memory (MB): peak = 1931.688 ; gain = 0.000
Phase 1 Placer Initialization | Checksum: ec5dff74

Time (s): cpu = 00:00:00 ; elapsed = 00:00:00.122 . Memory (MB): peak = 1931.688 ; gain = 0.000

Phase 2 Global Placement

Phase 2.1 Floorplanning
Phase 2.1 Floorplanning | Checksum: ec5dff74

Time (s): cpu = 00:00:00 ; elapsed = 00:00:00.123 . Memory (MB): peak = 1931.688 ; gain = 0.000

Phase 2.2 Update Timing before SLR Path Opt
Phase 2.2 Update Timing before SLR Path Opt | Checksum: ec5dff74

Time (s): cpu = 00:00:00 ; elapsed = 00:00:00.124 . Memory (MB): peak = 1931.688 ; gain = 0.000

Phase 2.3 Post-Processing in Floorplanning
Phase 2.3 Post-Processing in Floorplanning | Checksum: ec5dff74

Time (s): cpu = 00:00:00 ; elapsed = 00:00:00.124 . Memory (MB): peak = 1931.688 ; gain = 0.000

Phase 2.4 Global Placement Core
WARNING: [Place 46-29] place_design is not in timing mode. Skip physical synthesis in placer
Phase 2.4 Global Placement Core | Checksum: 1400f21ab

Time (s): cpu = 00:00:00 ; elapsed = 00:00:00.422 . Memory (MB): peak = 1931.688 ; gain = 0.000
Phase 2 Global Placement | Checksum: 1400f21ab

Time (s): cpu = 00:00:00 ; elapsed = 00:00:00.423 . Memory (MB): peak = 1931.688 ; gain = 0.000

Phase 3 Detail Placement

Phase 3.1 Commit Multi Column Macros
Phase 3.1 Commit Multi Column Macros | Checksum: 1400f21ab

Time (s): cpu = 00:00:00 ; elapsed = 00:00:00.423 . Memory (MB): peak = 1931.688 ; gain = 0.000

Phase 3.2 Commit Most Macros & LUTRAMs
Phase 3.2 Commit Most Macros & LUTRAMs | Checksum: 14c54bdea

Time (s): cpu = 00:00:00 ; elapsed = 00:00:00.425 . Memory (MB): peak = 1931.688 ; gain = 0.000

Phase 3.3 Area Swap Optimization
Phase 3.3 Area Swap Optimization | Checksum: 1266cca53

Time (s): cpu = 00:00:00 ; elapsed = 00:00:00.430 . Memory (MB): peak = 1931.688 ; gain = 0.000

Phase 3.4 Pipeline Register Optimization
Phase 3.4 Pipeline Register Optimization | Checksum: 1266cca53

Time (s): cpu = 00:00:00 ; elapsed = 00:00:00.431 . Memory (MB): peak = 1931.688 ; gain = 0.000

Phase 3.5 Small Shape Detail Placement
Phase 3.5 Small Shape Detail Placement | Checksum: 18f6f9b6d

Time (s): cpu = 00:00:00 ; elapsed = 00:00:00.479 . Memory (MB): peak = 1931.688 ; gain = 0.000

Phase 3.6 Re-assign LUT pins
Phase 3.6 Re-assign LUT pins | Checksum: 18f6f9b6d

Time (s): cpu = 00:00:00 ; elapsed = 00:00:00.480 . Memory (MB): peak = 1931.688 ; gain = 0.000

Phase 3.7 Pipeline Register Optimization
Phase 3.7 Pipeline Register Optimization | Checksum: 18f6f9b6d

Time (s): cpu = 00:00:00 ; elapsed = 00:00:00.481 . Memory (MB): peak = 1931.688 ; gain = 0.000
Phase 3 Detail Placement | Checksum: 18f6f9b6d

Time (s): cpu = 00:00:00 ; elapsed = 00:00:00.481 . Memory (MB): peak = 1931.688 ; gain = 0.000

Phase 4 Post Placement Optimization and Clean-Up

Phase 4.1 Post Commit Optimization
Phase 4.1 Post Commit Optimization | Checksum: 18f6f9b6d

Time (s): cpu = 00:00:00 ; elapsed = 00:00:00.491 . Memory (MB): peak = 1931.688 ; gain = 0.000

Phase 4.2 Post Placement Cleanup
Phase 4.2 Post Placement Cleanup | Checksum: 18f6f9b6d

Time (s): cpu = 00:00:01 ; elapsed = 00:00:00.492 . Memory (MB): peak = 1931.688 ; gain = 0.000

Phase 4.3 Placer Reporting

Phase 4.3.1 Print Estimated Congestion
INFO: [Place 30-612] Post-Placement Estimated Congestion 
 ____________________________________________________
|           | Global Congestion | Short Congestion  |
| Direction | Region Size       | Region Size       |
|___________|___________________|___________________|
|      North|                1x1|                1x1|
|___________|___________________|___________________|
|      South|                1x1|                1x1|
|___________|___________________|___________________|
|       East|                1x1|                1x1|
|___________|___________________|___________________|
|       West|                1x1|                1x1|
|___________|___________________|___________________|

Phase 4.3.1 Print Estimated Congestion | Checksum: 18f6f9b6d

Time (s): cpu = 00:00:01 ; elapsed = 00:00:00.493 . Memory (MB): peak = 1931.688 ; gain = 0.000
Phase 4.3 Placer Reporting | Checksum: 18f6f9b6d

Time (s): cpu = 00:00:01 ; elapsed = 00:00:00.493 . Memory (MB): peak = 1931.688 ; gain = 0.000

Phase 4.4 Final Placement Cleanup
Netlist sorting complete. Time (s): cpu = 00:00:00 ; elapsed = 00:00:00 . Memory (MB): peak = 1931.688 ; gain = 0.000

Time (s): cpu = 00:00:01 ; elapsed = 00:00:00.493 . Memory (MB): peak = 1931.688 ; gain = 0.000
Phase 4 Post Placement Optimization and Clean-Up | Checksum: 232574f68

Time (s): cpu = 00:00:01 ; elapsed = 00:00:00.493 . Memory (MB): peak = 1931.688 ; gain = 0.000
Ending Placer Task | Checksum: 1401c638e

Time (s): cpu = 00:00:01 ; elapsed = 00:00:00.494 . Memory (MB): peak = 1931.688 ; gain = 0.000
INFO: [Common 17-83] Releasing license: Implementation
41 Infos, 1 Warnings, 19 Critical Warnings and 0 Errors encountered.
place_design completed successfully
INFO: [Timing 38-480] Writing timing data to binary archive.
Writing placer database...
Writing XDEF routing.
Writing XDEF routing logical nets.
Writing XDEF routing special nets.
Write XDEF Complete: Time (s): cpu = 00:00:00 ; elapsed = 00:00:00.031 . Memory (MB): peak = 1931.688 ; gain = 0.000
INFO: [Common 17-1381] The checkpoint 'C:/Users/david/Desktop/workspace/tmtmmtmtm/project_1/project_1.runs/impl_1/ece_520_pmod_led_switch_placed.dcp' has been generated.
INFO: [runtcl-4] Executing : report_io -file ece_520_pmod_led_switch_io_placed.rpt
report_io: Time (s): cpu = 00:00:00 ; elapsed = 00:00:00.040 . Memory (MB): peak = 1931.688 ; gain = 0.000
INFO: [runtcl-4] Executing : report_utilization -file ece_520_pmod_led_switch_utilization_placed.rpt -pb ece_520_pmod_led_switch_utilization_placed.pb
INFO: [runtcl-4] Executing : report_control_sets -verbose -file ece_520_pmod_led_switch_control_sets_placed.rpt
report_control_sets: Time (s): cpu = 00:00:00 ; elapsed = 00:00:00.001 . Memory (MB): peak = 1931.688 ; gain = 0.000
Command: phys_opt_design
Attempting to get a license for feature 'Implementation' and/or device 'xc7z010'
INFO: [Common 17-349] Got license for feature 'Implementation' and/or device 'xc7z010'
INFO: [Timing 38-35] Done setting XDC timing constraints.
INFO: [Vivado_Tcl 4-383] Design worst setup slack (WNS) is greater than or equal to 0.000 ns. Skipping all physical synthesis optimizations.
INFO: [Vivado_Tcl 4-232] No setup violation found. The netlist was not modified.
INFO: [Common 17-83] Releasing license: Implementation
51 Infos, 1 Warnings, 19 Critical Warnings and 0 Errors encountered.
phys_opt_design completed successfully
INFO: [Timing 38-480] Writing timing data to binary archive.
Writing placer database...
Writing XDEF routing.
Writing XDEF routing logical nets.
Writing XDEF routing special nets.
Write XDEF Complete: Time (s): cpu = 00:00:00 ; elapsed = 00:00:00.030 . Memory (MB): peak = 1931.688 ; gain = 0.000
INFO: [Common 17-1381] The checkpoint 'C:/Users/david/Desktop/workspace/tmtmmtmtm/project_1/project_1.runs/impl_1/ece_520_pmod_led_switch_physopt.dcp' has been generated.
Command: route_design
Attempting to get a license for feature 'Implementation' and/or device 'xc7z010'
INFO: [Common 17-349] Got license for feature 'Implementation' and/or device 'xc7z010'
Running DRC as a precondition to command route_design
INFO: [DRC 23-27] Running DRC with 2 threads
INFO: [Vivado_Tcl 4-198] DRC finished with 0 Errors
INFO: [Vivado_Tcl 4-199] Please refer to the DRC report (report_drc) for more information.


Starting Routing Task
INFO: [Route 35-254] Multithreading enabled for route_design using a maximum of 2 CPUs

Phase 1 Build RT Design
Checksum: PlaceDB: 5a58f69d ConstDB: 0 ShapeSum: e5c36cf1 RouteDB: 0
Post Restoration Checksum: NetGraph: 9422ee07 NumContArr: e2e12414 Constraints: 0 Timing: 0
Phase 1 Build RT Design | Checksum: 17704121b

Time (s): cpu = 00:00:08 ; elapsed = 00:00:07 . Memory (MB): peak = 1967.258 ; gain = 29.918

Phase 2 Router Initialization

Phase 2.1 Create Timer
Phase 2.1 Create Timer | Checksum: 17704121b

Time (s): cpu = 00:00:08 ; elapsed = 00:00:07 . Memory (MB): peak = 1967.258 ; gain = 29.918

Phase 2.2 Fix Topology Constraints
Phase 2.2 Fix Topology Constraints | Checksum: 17704121b

Time (s): cpu = 00:00:08 ; elapsed = 00:00:07 . Memory (MB): peak = 1973.164 ; gain = 35.824

Phase 2.3 Pre Route Cleanup
Phase 2.3 Pre Route Cleanup | Checksum: 17704121b

Time (s): cpu = 00:00:08 ; elapsed = 00:00:07 . Memory (MB): peak = 1973.164 ; gain = 35.824
 Number of Nodes with overlaps = 0

Phase 2.4 Update Timing
Phase 2.4 Update Timing | Checksum: 188fc24fd

Time (s): cpu = 00:00:08 ; elapsed = 00:00:07 . Memory (MB): peak = 1977.039 ; gain = 39.699

Router Utilization Summary
  Global Vertical Routing Utilization    = 0 %
  Global Horizontal Routing Utilization  = 0 %
  Routable Net Status*
  *Does not include unroutable nets such as driverless and loadless.
  Run report_route_status for detailed report.
  Number of Failed Nets               = 23
    (Failed Nets is the sum of unrouted and partially routed nets)
  Number of Unrouted Nets             = 23
  Number of Partially Routed Nets     = 0
  Number of Node Overlaps             = 0

Phase 2 Router Initialization | Checksum: 188fc24fd

Time (s): cpu = 00:00:08 ; elapsed = 00:00:07 . Memory (MB): peak = 1977.273 ; gain = 39.934

Phase 3 Initial Routing

Phase 3.1 Global Routing
Phase 3.1 Global Routing | Checksum: 188fc24fd

Time (s): cpu = 00:00:08 ; elapsed = 00:00:07 . Memory (MB): peak = 1977.273 ; gain = 39.934
Phase 3 Initial Routing | Checksum: 2b05d5e4

Time (s): cpu = 00:00:08 ; elapsed = 00:00:07 . Memory (MB): peak = 1977.273 ; gain = 39.934

Phase 4 Rip-up And Reroute

Phase 4.1 Global Iteration 0
 Number of Nodes with overlaps = 0
Phase 4.1 Global Iteration 0 | Checksum: 107d13a01

Time (s): cpu = 00:00:08 ; elapsed = 00:00:07 . Memory (MB): peak = 1977.273 ; gain = 39.934
Phase 4 Rip-up And Reroute | Checksum: 107d13a01

Time (s): cpu = 00:00:08 ; elapsed = 00:00:07 . Memory (MB): peak = 1977.273 ; gain = 39.934

Phase 5 Delay and Skew Optimization

Phase 5.1 Delay CleanUp
Phase 5.1 Delay CleanUp | Checksum: 107d13a01

Time (s): cpu = 00:00:08 ; elapsed = 00:00:07 . Memory (MB): peak = 1977.273 ; gain = 39.934

Phase 5.2 Clock Skew Optimization
Phase 5.2 Clock Skew Optimization | Checksum: 107d13a01

Time (s): cpu = 00:00:08 ; elapsed = 00:00:07 . Memory (MB): peak = 1977.273 ; gain = 39.934
Phase 5 Delay and Skew Optimization | Checksum: 107d13a01

Time (s): cpu = 00:00:08 ; elapsed = 00:00:07 . Memory (MB): peak = 1977.273 ; gain = 39.934

Phase 6 Post Hold Fix

Phase 6.1 Hold Fix Iter

Phase 6.1.1 Update Timing
Phase 6.1.1 Update Timing | Checksum: 107d13a01

Time (s): cpu = 00:00:08 ; elapsed = 00:00:07 . Memory (MB): peak = 1977.273 ; gain = 39.934
Phase 6.1 Hold Fix Iter | Checksum: 107d13a01

Time (s): cpu = 00:00:08 ; elapsed = 00:00:07 . Memory (MB): peak = 1977.273 ; gain = 39.934
Phase 6 Post Hold Fix | Checksum: 107d13a01

Time (s): cpu = 00:00:08 ; elapsed = 00:00:07 . Memory (MB): peak = 1977.273 ; gain = 39.934

Phase 7 Route finalize

Router Utilization Summary
  Global Vertical Routing Utilization    = 0.0333615 %
  Global Horizontal Routing Utilization  = 0.013557 %
  Routable Net Status*
  *Does not include unroutable nets such as driverless and loadless.
  Run report_route_status for detailed report.
  Number of Failed Nets               = 0
    (Failed Nets is the sum of unrouted and partially routed nets)
  Number of Unrouted Nets             = 0
  Number of Partially Routed Nets     = 0
  Number of Node Overlaps             = 0

Phase 7 Route finalize | Checksum: 107d13a01

Time (s): cpu = 00:00:08 ; elapsed = 00:00:07 . Memory (MB): peak = 1977.273 ; gain = 39.934

Phase 8 Verifying routed nets

 Verification completed successfully
Phase 8 Verifying routed nets | Checksum: 107d13a01

Time (s): cpu = 00:00:08 ; elapsed = 00:00:07 . Memory (MB): peak = 1978.344 ; gain = 41.004

Phase 9 Depositing Routes
Phase 9 Depositing Routes | Checksum: 79476449

Time (s): cpu = 00:00:08 ; elapsed = 00:00:07 . Memory (MB): peak = 1978.344 ; gain = 41.004

Phase 10 Post Router Timing
Phase 10 Post Router Timing | Checksum: 79476449

Time (s): cpu = 00:00:08 ; elapsed = 00:00:07 . Memory (MB): peak = 1978.344 ; gain = 41.004
INFO: [Route 35-16] Router Completed Successfully

Time (s): cpu = 00:00:08 ; elapsed = 00:00:07 . Memory (MB): peak = 1978.344 ; gain = 41.004

Routing Is Done.
INFO: [Common 17-83] Releasing license: Implementation
60 Infos, 1 Warnings, 19 Critical Warnings and 0 Errors encountered.
route_design completed successfully
route_design: Time (s): cpu = 00:00:09 ; elapsed = 00:00:08 . Memory (MB): peak = 1978.344 ; gain = 46.656
INFO: [Timing 38-480] Writing timing data to binary archive.
Writing placer database...
Writing XDEF routing.
Writing XDEF routing logical nets.
Writing XDEF routing special nets.
Write XDEF Complete: Time (s): cpu = 00:00:00 ; elapsed = 00:00:00.031 . Memory (MB): peak = 1988.164 ; gain = 9.820
INFO: [Common 17-1381] The checkpoint 'C:/Users/david/Desktop/workspace/tmtmmtmtm/project_1/project_1.runs/impl_1/ece_520_pmod_led_switch_routed.dcp' has been generated.
INFO: [runtcl-4] Executing : report_drc -file ece_520_pmod_led_switch_drc_routed.rpt -pb ece_520_pmod_led_switch_drc_routed.pb -rpx ece_520_pmod_led_switch_drc_routed.rpx
Command: report_drc -file ece_520_pmod_led_switch_drc_routed.rpt -pb ece_520_pmod_led_switch_drc_routed.pb -rpx ece_520_pmod_led_switch_drc_routed.rpx
INFO: [IP_Flow 19-1839] IP Catalog is up to date.
INFO: [DRC 23-27] Running DRC with 2 threads
INFO: [Vivado_Tcl 2-168] The results of DRC are in file C:/Users/david/Desktop/workspace/tmtmmtmtm/project_1/project_1.runs/impl_1/ece_520_pmod_led_switch_drc_routed.rpt.
report_drc completed successfully
INFO: [runtcl-4] Executing : report_methodology -file ece_520_pmod_led_switch_methodology_drc_routed.rpt -pb ece_520_pmod_led_switch_methodology_drc_routed.pb -rpx ece_520_pmod_led_switch_methodology_drc_routed.rpx
Command: report_methodology -file ece_520_pmod_led_switch_methodology_drc_routed.rpt -pb ece_520_pmod_led_switch_methodology_drc_routed.pb -rpx ece_520_pmod_led_switch_methodology_drc_routed.rpx
INFO: [Timing 38-35] Done setting XDC timing constraints.
INFO: [DRC 23-133] Running Methodology with 2 threads
INFO: [Vivado_Tcl 2-1520] The results of Report Methodology are in file C:/Users/david/Desktop/workspace/tmtmmtmtm/project_1/project_1.runs/impl_1/ece_520_pmod_led_switch_methodology_drc_routed.rpt.
report_methodology completed successfully
INFO: [runtcl-4] Executing : report_power -file ece_520_pmod_led_switch_power_routed.rpt -pb ece_520_pmod_led_switch_power_summary_routed.pb -rpx ece_520_pmod_led_switch_power_routed.rpx
Command: report_power -file ece_520_pmod_led_switch_power_routed.rpt -pb ece_520_pmod_led_switch_power_summary_routed.pb -rpx ece_520_pmod_led_switch_power_routed.rpx
INFO: [Timing 38-35] Done setting XDC timing constraints.
Running Vector-less Activity Propagation...

Finished Running Vector-less Activity Propagation
72 Infos, 1 Warnings, 19 Critical Warnings and 0 Errors encountered.
report_power completed successfully
INFO: [runtcl-4] Executing : report_route_status -file ece_520_pmod_led_switch_route_status.rpt -pb ece_520_pmod_led_switch_route_status.pb
INFO: [runtcl-4] Executing : report_timing_summary -max_paths 10 -report_unconstrained -file ece_520_pmod_led_switch_timing_summary_routed.rpt -pb ece_520_pmod_led_switch_timing_summary_routed.pb -rpx ece_520_pmod_led_switch_timing_summary_routed.rpx -warn_on_violation 
INFO: [Timing 38-91] UpdateTimingParams: Speed grade: -1, Delay Type: min_max.
INFO: [Timing 38-191] Multithreading enabled for timing update using a maximum of 2 CPUs
INFO: [runtcl-4] Executing : report_incremental_reuse -file ece_520_pmod_led_switch_incremental_reuse_routed.rpt
INFO: [Vivado_Tcl 4-1062] Incremental flow is disabled. No incremental reuse Info to report.
INFO: [runtcl-4] Executing : report_clock_utilization -file ece_520_pmod_led_switch_clock_utilization_routed.rpt
INFO: [runtcl-4] Executing : report_bus_skew -warn_on_violation -file ece_520_pmod_led_switch_bus_skew_routed.rpt -pb ece_520_pmod_led_switch_bus_skew_routed.pb -rpx ece_520_pmod_led_switch_bus_skew_routed.rpx
INFO: [Timing 38-91] UpdateTimingParams: Speed grade: -1, Delay Type: min_max.
INFO: [Timing 38-191] Multithreading enabled for timing update using a maximum of 2 CPUs
Command: write_bitstream -force ece_520_pmod_led_switch.bit
Attempting to get a license for feature 'Implementation' and/or device 'xc7z010'
INFO: [Common 17-349] Got license for feature 'Implementation' and/or device 'xc7z010'
Running DRC as a precondition to command write_bitstream
INFO: [IP_Flow 19-1839] IP Catalog is up to date.
INFO: [DRC 23-27] Running DRC with 2 threads
WARNING: [DRC ZPS7-1] PS7 block required: The PS7 cell must be used in this Zynq design in order to enable correct default configuration.
INFO: [Vivado 12-3199] DRC finished with 0 Errors, 1 Warnings
INFO: [Vivado 12-3200] Please refer to the DRC report (report_drc) for more information.
INFO: [Designutils 20-2272] Running write_bitstream with 2 threads.
Loading data files...
Loading site data...
Loading route data...
Processing options...
Creating bitmap...
Creating bitstream...
Writing bitstream ./ece_520_pmod_led_switch.bit...
INFO: [Vivado 12-1842] Bitgen Completed Successfully.
INFO: [Project 1-1876] WebTalk data collection is mandatory when using a ULT device. To see the specific WebTalk data collected for your design, open the usage_statistics_webtalk.html or usage_statistics_webtalk.xml file in the implementation directory.
INFO: [Common 17-83] Releasing license: Implementation
12 Infos, 1 Warnings, 0 Critical Warnings and 0 Errors encountered.
write_bitstream completed successfully
write_bitstream: Time (s): cpu = 00:00:06 ; elapsed = 00:00:06 . Memory (MB): peak = 2470.457 ; gain = 445.414
INFO: [Common 17-206] Exiting Vivado at Wed May 11 00:56:37 2022...
